# JRE version: OpenJDK Runtime Environment (11.0.12+7) (build 11.0.12+7-b1504.28-7817840)
# Java VM: OpenJDK 64-Bit Server VM (11.0.12+7-b1504.28-7817840, mixed mode, tiered, compressed oops, g1 gc, windows-amd64)
Heap:
 garbage-first heap   total 272384K, used 171668K [0x0000000080000000, 0x0000000100000000)
  region size 1024K, 78 young (79872K), 8 survivors (8192K)
 Metaspace       used 134796K, capacity 139646K, committed 139948K, reserved 1171456K
  class space    used 16028K, capacity 17827K, committed 17920K, reserved 1048576K
GC Heap History (20 events):
Event: 22926.758 GC heap before
{Heap before GC invocations=604 (full 0):
 garbage-first heap   total 272384K, used 213178K [0x0000000080000000, 0x0000000100000000)
  region size 1024K, 106 young (108544K), 8 survivors (8192K)
 Metaspace       used 134417K, capacity 139251K, committed 139436K, reserved 1171456K
  class space    used 16027K, capacity 17795K, committed 17920K, reserved 1048576K
}
Event: 22926.915 GC heap after
{Heap after GC invocations=605 (full 0):
 garbage-first heap   total 272384K, used 99044K [0x0000000080000000, 0x0000000100000000)
  region size 1024K, 3 young (3072K), 3 survivors (3072K)
 Metaspace       used 134417K, capacity 139251K, committed 139436K, reserved 1171456K
  class space    used 16027K, capacity 17795K, committed 17920K, reserved 1048576K
}
Event: 22927.899 GC heap before
{Heap before GC invocations=605 (full 0):
 garbage-first heap   total 272384K, used 109284K [0x0000000080000000, 0x0000000100000000)
  region size 1024K, 13 young (13312K), 3 survivors (3072K)
 Metaspace       used 134443K, capacity 139252K, committed 139436K, reserved 1171456K
  class space    used 16027K, capacity 17795K, committed 17920K, reserved 1048576K
}
Event: 22928.100 GC heap after
{Heap after GC invocations=606 (full 0):
 garbage-first heap   total 272384K, used 98181K [0x0000000080000000, 0x0000000100000000)
  region size 1024K, 2 young (2048K), 2 survivors (2048K)
 Metaspace       used 134443K, capacity 139252K, committed 139436K, reserved 1171456K
  class space    used 16027K, capacity 17795K, committed 17920K, reserved 1048576K
}
Event: 22932.343 GC heap before
{Heap before GC invocations=606 (full 0):
 garbage-first heap   total 272384K, used 128901K [0x0000000080000000, 0x0000000100000000)
  region size 1024K, 34 young (34816K), 2 survivors (2048K)
 Metaspace       used 134661K, capacity 139488K, committed 139692K, reserved 1171456K
  class space    used 16028K, capacity 17829K, committed 17920K, reserved 1048576K
}
Event: 22932.418 GC heap after
{Heap after GC invocations=607 (full 0):
 garbage-first heap   total 272384K, used 103287K [0x0000000080000000, 0x0000000100000000)
  region size 1024K, 7 young (7168K), 7 survivors (7168K)
 Metaspace       used 134661K, capacity 139488K, committed 139692K, reserved 1171456K
  class space    used 16028K, capacity 17829K, committed 17920K, reserved 1048576K
}
Event: 23051.818 GC heap before
{Heap before GC invocations=608 (full 0):
 garbage-first heap   total 272384K, used 222071K [0x0000000080000000, 0x0000000100000000)
  region size 1024K, 112 young (114688K), 7 survivors (7168K)
 Metaspace       used 134677K, capacity 139482K, committed 139692K, reserved 1171456K
  class space    used 16028K, capacity 17827K, committed 17920K, reserved 1048576K
}
Event: 23051.993 GC heap after
{Heap after GC invocations=609 (full 0):
 garbage-first heap   total 272384K, used 105502K [0x0000000080000000, 0x0000000100000000)
  region size 1024K, 8 young (8192K), 8 survivors (8192K)
 Metaspace       used 134677K, capacity 139482K, committed 139692K, reserved 1171456K
  class space    used 16028K, capacity 17827K, committed 17920K, reserved 1048576K
}
Event: 23053.395 GC heap before
{Heap before GC invocations=609 (full 0):
 garbage-first heap   total 272384K, used 110622K [0x0000000080000000, 0x0000000100000000)
  region size 1024K, 13 young (13312K), 8 survivors (8192K)
 Metaspace       used 134681K, capacity 139482K, committed 139692K, reserved 1171456K
  class space    used 16028K, capacity 17827K, committed 17920K, reserved 1048576K
}
Event: 23053.509 GC heap after
{Heap after GC invocations=610 (full 0):
 garbage-first heap   total 272384K, used 95752K [0x0000000080000000, 0x0000000100000000)
  region size 1024K, 2 young (2048K), 2 survivors (2048K)
 Metaspace       used 134681K, capacity 139482K, committed 139692K, reserved 1171456K
  class space    used 16028K, capacity 17827K, committed 17920K, reserved 1048576K
}
Event: 23055.637 GC heap before
{Heap before GC invocations=610 (full 0):
 garbage-first heap   total 272384K, used 122376K [0x0000000080000000, 0x0000000100000000)
  region size 1024K, 30 young (30720K), 2 survivors (2048K)
 Metaspace       used 134699K, capacity 139489K, committed 139692K, reserved 1171456K
  class space    used 16028K, capacity 17829K, committed 17920K, reserved 1048576K
}
Event: 23055.689 GC heap after
{Heap after GC invocations=611 (full 0):
 garbage-first heap   total 272384K, used 99480K [0x0000000080000000, 0x0000000100000000)
  region size 1024K, 6 young (6144K), 6 survivors (6144K)
 Metaspace       used 134699K, capacity 139489K, committed 139692K, reserved 1171456K
  class space    used 16028K, capacity 17829K, committed 17920K, reserved 1048576K
}
Event: 23062.054 GC heap before
{Heap before GC invocations=612 (full 0):
 garbage-first heap   total 272384K, used 162968K [0x0000000080000000, 0x0000000100000000)
  region size 1024K, 67 young (68608K), 6 survivors (6144K)
 Metaspace       used 134696K, capacity 139483K, committed 139692K, reserved 1171456K
  class space    used 16028K, capacity 17827K, committed 17920K, reserved 1048576K
}
Event: 23062.115 GC heap after
{Heap after GC invocations=613 (full 0):
 garbage-first heap   total 272384K, used 102165K [0x0000000080000000, 0x0000000100000000)
  region size 1024K, 5 young (5120K), 5 survivors (5120K)
 Metaspace       used 134696K, capacity 139483K, committed 139692K, reserved 1171456K
  class space    used 16028K, capacity 17827K, committed 17920K, reserved 1048576K
}
Event: 23062.659 GC heap before
{Heap before GC invocations=613 (full 0):
 garbage-first heap   total 272384K, used 110357K [0x0000000080000000, 0x0000000100000000)
  region size 1024K, 13 young (13312K), 5 survivors (5120K)
 Metaspace       used 134719K, capacity 139484K, committed 139692K, reserved 1171456K
  class space    used 16028K, capacity 17827K, committed 17920K, reserved 1048576K
}
Event: 23062.766 GC heap after
{Heap after GC invocations=614 (full 0):
 garbage-first heap   total 272384K, used 93143K [0x0000000080000000, 0x0000000100000000)
  region size 1024K, 1 young (1024K), 1 survivors (1024K)
 Metaspace       used 134719K, capacity 139484K, committed 139692K, reserved 1171456K
  class space    used 16028K, capacity 17827K, committed 17920K, reserved 1048576K
}
Event: 23062.880 GC heap before
{Heap before GC invocations=614 (full 0):
 garbage-first heap   total 272384K, used 93143K [0x0000000080000000, 0x0000000100000000)
  region size 1024K, 2 young (2048K), 1 survivors (1024K)
 Metaspace       used 134721K, capacity 139484K, committed 139692K, reserved 1171456K
  class space    used 16028K, capacity 17827K, committed 17920K, reserved 1048576K
}
Event: 23062.916 GC heap after
{Heap after GC invocations=615 (full 0):
 garbage-first heap   total 272384K, used 92965K [0x0000000080000000, 0x0000000100000000)
  region size 1024K, 1 young (1024K), 1 survivors (1024K)
 Metaspace       used 134721K, capacity 139484K, committed 139692K, reserved 1171456K
  class space    used 16028K, capacity 17827K, committed 17920K, reserved 1048576K
}
Event: 23322.990 GC heap before
{Heap before GC invocations=616 (full 0):
 garbage-first heap   total 272384K, used 168741K [0x0000000080000000, 0x0000000100000000)
  region size 1024K, 65 young (66560K), 1 survivors (1024K)
 Metaspace       used 134527K, capacity 139347K, committed 139692K, reserved 1171456K
  class space    used 16005K, capacity 17789K, committed 17920K, reserved 1048576K
}
Event: 23323.229 GC heap after
{Heap after GC invocations=617 (full 0):
 garbage-first heap   total 272384K, used 99988K [0x0000000080000000, 0x0000000100000000)
  region size 1024K, 8 young (8192K), 8 survivors (8192K)
 Metaspace       used 134527K, capacity 139347K, committed 139692K, reserved 1171456K
  class space    used 16005K, capacity 17789K, committed 17920K, reserved 1048576K
}

